Determining if the pthread_create exist failed with the following output:
Change Dir: /home/zzliu/Documents/3D_planning/plugins/planning/cmake-build-debug/CMakeFiles/CMakeTmp

Run Build Command:"/usr/bin/make" "cmTC_ee027/fast"
/usr/bin/make -f CMakeFiles/cmTC_ee027.dir/build.make CMakeFiles/cmTC_ee027.dir/build
make[1]: Entering directory '/home/zzliu/Documents/3D_planning/plugins/planning/cmake-build-debug/CMakeFiles/CMakeTmp'
Building C object CMakeFiles/cmTC_ee027.dir/CheckSymbolExists.c.o
/usr/bin/cc    -o CMakeFiles/cmTC_ee027.dir/CheckSymbolExists.c.o   -c /home/zzliu/Documents/3D_planning/plugins/planning/cmake-build-debug/CMakeFiles/CMakeTmp/CheckSymbolExists.c
Linking C executable cmTC_ee027
/home/zzliu/Downloads/clion-2018.3.4/bin/cmake/linux/bin/cmake -E cmake_link_script CMakeFiles/cmTC_ee027.dir/link.txt --verbose=1
/usr/bin/cc      -rdynamic CMakeFiles/cmTC_ee027.dir/CheckSymbolExists.c.o  -o cmTC_ee027 
CMakeFiles/cmTC_ee027.dir/CheckSymbolExists.c.o: In function `main':
CheckSymbolExists.c:(.text+0x16): undefined reference to `pthread_create'
collect2: error: ld returned 1 exit status
CMakeFiles/cmTC_ee027.dir/build.make:86: recipe for target 'cmTC_ee027' failed
make[1]: *** [cmTC_ee027] Error 1
make[1]: Leaving directory '/home/zzliu/Documents/3D_planning/plugins/planning/cmake-build-debug/CMakeFiles/CMakeTmp'
Makefile:121: recipe for target 'cmTC_ee027/fast' failed
make: *** [cmTC_ee027/fast] Error 2

File /home/zzliu/Documents/3D_planning/plugins/planning/cmake-build-debug/CMakeFiles/CMakeTmp/CheckSymbolExists.c:
/* */
#include <pthread.h>

int main(int argc, char** argv)
{
  (void)argv;
#ifndef pthread_create
  return ((int*)(&pthread_create))[argc];
#else
  (void)argc;
  return 0;
#endif
}

Determining if the function pthread_create exists in the pthreads failed with the following output:
Change Dir: /home/zzliu/Documents/3D_planning/plugins/planning/cmake-build-debug/CMakeFiles/CMakeTmp

Run Build Command:"/usr/bin/make" "cmTC_dca41/fast"
/usr/bin/make -f CMakeFiles/cmTC_dca41.dir/build.make CMakeFiles/cmTC_dca41.dir/build
make[1]: Entering directory '/home/zzliu/Documents/3D_planning/plugins/planning/cmake-build-debug/CMakeFiles/CMakeTmp'
Building C object CMakeFiles/cmTC_dca41.dir/CheckFunctionExists.c.o
/usr/bin/cc   -DCHECK_FUNCTION_EXISTS=pthread_create   -o CMakeFiles/cmTC_dca41.dir/CheckFunctionExists.c.o   -c /home/zzliu/Downloads/clion-2018.3.4/bin/cmake/linux/share/cmake-3.13/Modules/CheckFunctionExists.c
Linking C executable cmTC_dca41
/home/zzliu/Downloads/clion-2018.3.4/bin/cmake/linux/bin/cmake -E cmake_link_script CMakeFiles/cmTC_dca41.dir/link.txt --verbose=1
/usr/bin/cc  -DCHECK_FUNCTION_EXISTS=pthread_create    -rdynamic CMakeFiles/cmTC_dca41.dir/CheckFunctionExists.c.o  -o cmTC_dca41 -lpthreads 
/usr/bin/ld: cannot find -lpthreads
collect2: error: ld returned 1 exit status
CMakeFiles/cmTC_dca41.dir/build.make:86: recipe for target 'cmTC_dca41' failed
make[1]: *** [cmTC_dca41] Error 1
make[1]: Leaving directory '/home/zzliu/Documents/3D_planning/plugins/planning/cmake-build-debug/CMakeFiles/CMakeTmp'
Makefile:121: recipe for target 'cmTC_dca41/fast' failed
make: *** [cmTC_dca41/fast] Error 2


