Determining if the pthread_create exist failed with the following output:
Change Dir: /home/zzliu/Documents/3D_planning/plugins/planning/build/CMakeFiles/CMakeTmp

Run Build Command:"/usr/bin/make" "cmTC_5eb94/fast"
/usr/bin/make -f CMakeFiles/cmTC_5eb94.dir/build.make CMakeFiles/cmTC_5eb94.dir/build
make[1]: Entering directory '/home/zzliu/Documents/3D_planning/plugins/planning/build/CMakeFiles/CMakeTmp'
Building C object CMakeFiles/cmTC_5eb94.dir/CheckSymbolExists.c.o
/usr/bin/cc     -o CMakeFiles/cmTC_5eb94.dir/CheckSymbolExists.c.o   -c /home/zzliu/Documents/3D_planning/plugins/planning/build/CMakeFiles/CMakeTmp/CheckSymbolExists.c
Linking C executable cmTC_5eb94
/usr/bin/cmake -E cmake_link_script CMakeFiles/cmTC_5eb94.dir/link.txt --verbose=1
/usr/bin/cc       CMakeFiles/cmTC_5eb94.dir/CheckSymbolExists.c.o  -o cmTC_5eb94 -rdynamic 
CMakeFiles/cmTC_5eb94.dir/CheckSymbolExists.c.o: In function `main':
CheckSymbolExists.c:(.text+0x16): undefined reference to `pthread_create'
collect2: error: ld returned 1 exit status
CMakeFiles/cmTC_5eb94.dir/build.make:97: recipe for target 'cmTC_5eb94' failed
make[1]: *** [cmTC_5eb94] Error 1
make[1]: Leaving directory '/home/zzliu/Documents/3D_planning/plugins/planning/build/CMakeFiles/CMakeTmp'
Makefile:126: recipe for target 'cmTC_5eb94/fast' failed
make: *** [cmTC_5eb94/fast] Error 2

File /home/zzliu/Documents/3D_planning/plugins/planning/build/CMakeFiles/CMakeTmp/CheckSymbolExists.c:
/* */
#include <pthread.h>

int main(int argc, char** argv)
{
  (void)argv;
#ifndef pthread_create
  return ((int*)(&pthread_create))[argc];
#else
  (void)argc;
  return 0;
#endif
}

Determining if the function pthread_create exists in the pthreads failed with the following output:
Change Dir: /home/zzliu/Documents/3D_planning/plugins/planning/build/CMakeFiles/CMakeTmp

Run Build Command:"/usr/bin/make" "cmTC_31524/fast"
/usr/bin/make -f CMakeFiles/cmTC_31524.dir/build.make CMakeFiles/cmTC_31524.dir/build
make[1]: Entering directory '/home/zzliu/Documents/3D_planning/plugins/planning/build/CMakeFiles/CMakeTmp'
Building C object CMakeFiles/cmTC_31524.dir/CheckFunctionExists.c.o
/usr/bin/cc    -DCHECK_FUNCTION_EXISTS=pthread_create   -o CMakeFiles/cmTC_31524.dir/CheckFunctionExists.c.o   -c /usr/share/cmake-3.5/Modules/CheckFunctionExists.c
Linking C executable cmTC_31524
/usr/bin/cmake -E cmake_link_script CMakeFiles/cmTC_31524.dir/link.txt --verbose=1
/usr/bin/cc   -DCHECK_FUNCTION_EXISTS=pthread_create    CMakeFiles/cmTC_31524.dir/CheckFunctionExists.c.o  -o cmTC_31524 -rdynamic -lpthreads 
/usr/bin/ld: cannot find -lpthreads
collect2: error: ld returned 1 exit status
CMakeFiles/cmTC_31524.dir/build.make:97: recipe for target 'cmTC_31524' failed
make[1]: *** [cmTC_31524] Error 1
make[1]: Leaving directory '/home/zzliu/Documents/3D_planning/plugins/planning/build/CMakeFiles/CMakeTmp'
Makefile:126: recipe for target 'cmTC_31524/fast' failed
make: *** [cmTC_31524/fast] Error 2


